<?xml version="1.0" encoding="UTF-8"?>
<!-- Generated by org.testng.reporters.JUnitReportReporter -->
<testsuite skipped="0" hostname="KAVIYANJ-RENTAL" name="com.emamiweb.testCases.TC_LoginTest_1" tests="1" failures="0" timestamp="2021-01-02T23:37:07 IST" time="11.685" errors="0">
  <testcase name="loginTest" time="11.685" classname="com.emamiweb.testCases.TC_LoginTest_1"/>
  <system-out/>
</testsuite> <!-- com.emamiweb.testCases.TC_LoginTest_1 -->
