<?xml version="1.0" encoding="UTF-8"?>
<!-- Generated by org.testng.reporters.JUnitReportReporter -->
<testsuite skipped="0" hostname="KAVIYANJ-RENTAL" name="com.emamiweb.testCases.MaterialCostTest" tests="1" failures="0" timestamp="2021-01-14T21:04:54 IST" time="25.625" errors="0">
  <testcase name="MCP" time="25.625" classname="com.emamiweb.testCases.MaterialCostTest"/>
  <system-out/>
</testsuite> <!-- com.emamiweb.testCases.MaterialCostTest -->
